2024-05-27 12:36:57,468 [INFO/base_optimizer.py:125] 
Iteration: 1
2024-05-27 12:37:16,083 [INFO/base_optimizer.py:125] 
Iteration: 1
2024-05-27 12:38:54,185 [INFO/base_optimizer.py:125] 
Iteration: 1
2024-05-27 12:39:15,606 [INFO/base_optimizer.py:125] 
Iteration: 1
2024-05-27 12:39:18,678 [INFO/base_optimizer.py:138] Cur. loss: 2.0844e+13, Cur. Config: {'x0': 26, 'x1': 29, 'x2': 2}
2024-05-27 12:39:18,678 [INFO/base_optimizer.py:139] Best loss: 2.0844e+13, Best Config: {'x0': 26, 'x1': 29, 'x2': 2}
2024-05-27 12:39:18,678 [INFO/base_optimizer.py:125] 
Iteration: 2
2024-05-27 12:39:21,921 [INFO/base_optimizer.py:138] Cur. loss: 2.5184e+14, Cur. Config: {'x0': 25, 'x1': 10, 'x2': 25}
2024-05-27 12:39:21,921 [INFO/base_optimizer.py:139] Best loss: 2.0844e+13, Best Config: {'x0': 26, 'x1': 29, 'x2': 2}
2024-05-27 12:39:21,921 [INFO/base_optimizer.py:125] 
Iteration: 3
2024-05-27 12:39:24,793 [INFO/base_optimizer.py:138] Cur. loss: 2.5188e+14, Cur. Config: {'x0': 12, 'x1': 29, 'x2': 6}
2024-05-27 12:39:24,793 [INFO/base_optimizer.py:139] Best loss: 2.0844e+13, Best Config: {'x0': 26, 'x1': 29, 'x2': 2}
2024-05-27 12:39:24,793 [INFO/base_optimizer.py:125] 
Iteration: 4
2024-05-27 12:39:27,478 [INFO/base_optimizer.py:138] Cur. loss: 1.4323e+07, Cur. Config: {'x0': 1, 'x1': 7, 'x2': 19}
2024-05-27 12:39:27,478 [INFO/base_optimizer.py:139] Best loss: 1.4323e+07, Best Config: {'x0': 1, 'x1': 7, 'x2': 19}
2024-05-27 12:39:27,478 [INFO/base_optimizer.py:125] 
Iteration: 5
2024-05-27 12:39:30,191 [INFO/base_optimizer.py:138] Cur. loss: 5.9335e+07, Cur. Config: {'x0': 8, 'x1': 10, 'x2': 14}
2024-05-27 12:39:30,191 [INFO/base_optimizer.py:139] Best loss: 1.4323e+07, Best Config: {'x0': 1, 'x1': 7, 'x2': 19}
2024-05-27 12:39:30,191 [INFO/base_optimizer.py:125] 
Iteration: 6
2024-05-27 12:39:32,936 [INFO/base_optimizer.py:138] Cur. loss: 8.9869e+07, Cur. Config: {'x0': 18, 'x1': 4, 'x2': 13}
2024-05-27 12:39:32,936 [INFO/base_optimizer.py:139] Best loss: 1.4323e+07, Best Config: {'x0': 1, 'x1': 7, 'x2': 19}
2024-05-27 12:39:32,937 [INFO/base_optimizer.py:125] 
Iteration: 7
2024-05-27 12:39:36,398 [INFO/base_optimizer.py:138] Cur. loss: 1.5769e+16, Cur. Config: {'x0': 22, 'x1': 1, 'x2': 29}
2024-05-27 12:39:36,398 [INFO/base_optimizer.py:139] Best loss: 1.4323e+07, Best Config: {'x0': 1, 'x1': 7, 'x2': 19}
2024-05-27 12:39:36,398 [INFO/base_optimizer.py:125] 
Iteration: 8
2024-05-27 12:39:39,802 [INFO/base_optimizer.py:138] Cur. loss: 5.1721e+09, Cur. Config: {'x0': 22, 'x1': 9, 'x2': 29}
2024-05-27 12:39:39,803 [INFO/base_optimizer.py:139] Best loss: 1.4323e+07, Best Config: {'x0': 1, 'x1': 7, 'x2': 19}
2024-05-27 12:39:39,803 [INFO/base_optimizer.py:125] 
Iteration: 9
2024-05-27 12:39:42,767 [INFO/base_optimizer.py:138] Cur. loss: 1.5782e+16, Cur. Config: {'x0': 17, 'x1': 7, 'x2': 15}
2024-05-27 12:39:42,767 [INFO/base_optimizer.py:139] Best loss: 1.4323e+07, Best Config: {'x0': 1, 'x1': 7, 'x2': 19}
2024-05-27 12:39:42,767 [INFO/base_optimizer.py:125] 
Iteration: 10
2024-05-27 12:39:45,847 [INFO/base_optimizer.py:138] Cur. loss: 1.8509e+10, Cur. Config: {'x0': 14, 'x1': 17, 'x2': 18}
2024-05-27 12:39:45,847 [INFO/base_optimizer.py:139] Best loss: 1.4323e+07, Best Config: {'x0': 1, 'x1': 7, 'x2': 19}
2024-05-27 12:39:45,847 [INFO/base_optimizer.py:125] 
Iteration: 11
2024-05-27 12:39:48,580 [INFO/base_optimizer.py:138] Cur. loss: 1.6106e+10, Cur. Config: {'x0': 2, 'x1': 8, 'x2': 19}
2024-05-27 12:39:48,580 [INFO/base_optimizer.py:139] Best loss: 1.4323e+07, Best Config: {'x0': 1, 'x1': 7, 'x2': 19}
2024-05-27 12:39:48,580 [INFO/base_optimizer.py:125] 
Iteration: 12
2024-05-27 12:39:51,391 [INFO/base_optimizer.py:138] Cur. loss: 7.6344e+08, Cur. Config: {'x0': 3, 'x1': 5, 'x2': 19}
2024-05-27 12:39:51,391 [INFO/base_optimizer.py:139] Best loss: 1.4323e+07, Best Config: {'x0': 1, 'x1': 7, 'x2': 19}
2024-05-27 12:39:51,391 [INFO/base_optimizer.py:125] 
Iteration: 13
2024-05-27 12:39:54,899 [INFO/base_optimizer.py:125] 
Iteration: 1
2024-05-27 12:39:57,869 [INFO/base_optimizer.py:138] Cur. loss: 5.1928e+13, Cur. Config: {'x0': 7, 'x1': 12, 'x2': 28}
2024-05-27 12:39:57,869 [INFO/base_optimizer.py:139] Best loss: 5.1928e+13, Best Config: {'x0': 7, 'x1': 12, 'x2': 28}
2024-05-27 12:39:57,869 [INFO/base_optimizer.py:125] 
Iteration: 2
2024-05-27 12:40:00,550 [INFO/base_optimizer.py:138] Cur. loss: 5.1957e+13, Cur. Config: {'x0': 8, 'x1': 19, 'x2': 7}
2024-05-27 12:40:00,550 [INFO/base_optimizer.py:139] Best loss: 5.1928e+13, Best Config: {'x0': 7, 'x1': 12, 'x2': 28}
2024-05-27 12:40:00,550 [INFO/base_optimizer.py:125] 
Iteration: 3
2024-05-27 12:40:04,366 [INFO/base_optimizer.py:138] Cur. loss: 1.6369e+15, Cur. Config: {'x0': 22, 'x1': 27, 'x2': 26}
2024-05-27 12:40:04,367 [INFO/base_optimizer.py:139] Best loss: 5.1928e+13, Best Config: {'x0': 7, 'x1': 12, 'x2': 28}
2024-05-27 12:40:04,367 [INFO/base_optimizer.py:125] 
Iteration: 4
2024-05-27 12:40:07,365 [INFO/base_optimizer.py:138] Cur. loss: 1.6355e+15, Cur. Config: {'x0': 15, 'x1': 13, 'x2': 15}
2024-05-27 12:40:07,365 [INFO/base_optimizer.py:139] Best loss: 5.1928e+13, Best Config: {'x0': 7, 'x1': 12, 'x2': 28}
2024-05-27 12:40:07,365 [INFO/base_optimizer.py:125] 
Iteration: 5
2024-05-27 12:40:10,922 [INFO/base_optimizer.py:138] Cur. loss: 5.8393e+15, Cur. Config: {'x0': 23, 'x1': 15, 'x2': 27}
2024-05-27 12:40:10,922 [INFO/base_optimizer.py:139] Best loss: 5.1928e+13, Best Config: {'x0': 7, 'x1': 12, 'x2': 28}
2024-05-27 12:40:10,922 [INFO/base_optimizer.py:125] 
Iteration: 6
2024-05-27 12:40:14,178 [INFO/base_optimizer.py:138] Cur. loss: 5.8387e+15, Cur. Config: {'x0': 21, 'x1': 9, 'x2': 16}
2024-05-27 12:40:14,178 [INFO/base_optimizer.py:139] Best loss: 5.1928e+13, Best Config: {'x0': 7, 'x1': 12, 'x2': 28}
2024-05-27 12:40:14,178 [INFO/base_optimizer.py:125] 
Iteration: 7
2024-05-27 12:40:17,291 [INFO/base_optimizer.py:138] Cur. loss: 9.7034e+14, Cur. Config: {'x0': 20, 'x1': 8, 'x2': 26}
2024-05-27 12:40:17,291 [INFO/base_optimizer.py:139] Best loss: 5.1928e+13, Best Config: {'x0': 7, 'x1': 12, 'x2': 28}
2024-05-27 12:40:17,291 [INFO/base_optimizer.py:125] 
Iteration: 8
2024-05-27 12:40:20,492 [INFO/base_optimizer.py:138] Cur. loss: 6.5793e+14, Cur. Config: {'x0': 12, 'x1': 6, 'x2': 26}
2024-05-27 12:40:20,492 [INFO/base_optimizer.py:139] Best loss: 5.1928e+13, Best Config: {'x0': 7, 'x1': 12, 'x2': 28}
2024-05-27 12:40:20,492 [INFO/base_optimizer.py:125] 
Iteration: 9
2024-05-27 12:40:23,269 [INFO/base_optimizer.py:138] Cur. loss: 6.6449e+13, Cur. Config: {'x0': 8, 'x1': 17, 'x2': 12}
2024-05-27 12:40:23,269 [INFO/base_optimizer.py:139] Best loss: 5.1928e+13, Best Config: {'x0': 7, 'x1': 12, 'x2': 28}
2024-05-27 12:40:23,269 [INFO/base_optimizer.py:125] 
Iteration: 10
2024-05-27 12:40:25,943 [INFO/base_optimizer.py:138] Cur. loss: 5.8461e+06, Cur. Config: {'x0': 12, 'x1': 10, 'x2': 6}
2024-05-27 12:40:25,943 [INFO/base_optimizer.py:139] Best loss: 5.8461e+06, Best Config: {'x0': 12, 'x1': 10, 'x2': 6}
2024-05-27 12:40:25,943 [INFO/base_optimizer.py:125] 
Iteration: 11
2024-05-27 12:40:28,742 [INFO/base_optimizer.py:138] Cur. loss: 8.0005e+02, Cur. Config: {'x0': 11, 'x1': 10, 'x2': 4}
2024-05-27 12:40:28,742 [INFO/base_optimizer.py:139] Best loss: 8.0005e+02, Best Config: {'x0': 11, 'x1': 10, 'x2': 4}
2024-05-27 12:40:28,742 [INFO/base_optimizer.py:125] 
Iteration: 12
2024-05-27 12:40:31,368 [INFO/base_optimizer.py:138] Cur. loss: 5.6050e+01, Cur. Config: {'x0': 11, 'x1': 10, 'x2': 5}
2024-05-27 12:40:31,368 [INFO/base_optimizer.py:139] Best loss: 5.6050e+01, Best Config: {'x0': 11, 'x1': 10, 'x2': 5}
2024-05-27 12:40:31,368 [INFO/base_optimizer.py:125] 
Iteration: 13
2024-05-27 12:40:33,998 [INFO/base_optimizer.py:138] Cur. loss: 2.0814e+02, Cur. Config: {'x0': 11, 'x1': 11, 'x2': 3}
2024-05-27 12:40:33,998 [INFO/base_optimizer.py:139] Best loss: 5.6050e+01, Best Config: {'x0': 11, 'x1': 10, 'x2': 5}
2024-05-27 12:40:33,998 [INFO/base_optimizer.py:125] 
Iteration: 14
2024-05-27 12:40:36,679 [INFO/base_optimizer.py:138] Cur. loss: 1.1670e+01, Cur. Config: {'x0': 11, 'x1': 10, 'x2': 7}
2024-05-27 12:40:36,679 [INFO/base_optimizer.py:139] Best loss: 1.1670e+01, Best Config: {'x0': 11, 'x1': 10, 'x2': 7}
2024-05-27 12:40:36,679 [INFO/base_optimizer.py:125] 
Iteration: 15
2024-05-27 12:40:39,324 [INFO/base_optimizer.py:138] Cur. loss: 5.5752e+03, Cur. Config: {'x0': 12, 'x1': 9, 'x2': 8}
2024-05-27 12:40:39,324 [INFO/base_optimizer.py:139] Best loss: 1.1670e+01, Best Config: {'x0': 11, 'x1': 10, 'x2': 7}
2024-05-27 12:40:39,325 [INFO/base_optimizer.py:125] 
Iteration: 16
2024-05-27 12:40:42,254 [INFO/base_optimizer.py:138] Cur. loss: 1.6891e+04, Cur. Config: {'x0': 11, 'x1': 29, 'x2': 9}
2024-05-27 12:40:42,254 [INFO/base_optimizer.py:139] Best loss: 1.1670e+01, Best Config: {'x0': 11, 'x1': 10, 'x2': 7}
2024-05-27 12:40:42,254 [INFO/base_optimizer.py:125] 
Iteration: 17
2024-05-27 12:40:44,918 [INFO/base_optimizer.py:138] Cur. loss: 7.3978e+04, Cur. Config: {'x0': 21, 'x1': 2, 'x2': 1}
2024-05-27 12:40:44,918 [INFO/base_optimizer.py:139] Best loss: 1.1670e+01, Best Config: {'x0': 11, 'x1': 10, 'x2': 7}
2024-05-27 12:40:44,918 [INFO/base_optimizer.py:125] 
Iteration: 18
2024-05-27 12:40:47,519 [INFO/base_optimizer.py:138] Cur. loss: 6.4000e-01, Cur. Config: {'x0': 10, 'x1': 10, 'x2': 6}
2024-05-27 12:40:47,519 [INFO/base_optimizer.py:139] Best loss: 6.4000e-01, Best Config: {'x0': 10, 'x1': 10, 'x2': 6}
2024-05-27 12:40:47,519 [INFO/base_optimizer.py:125] 
Iteration: 19
2024-05-27 12:40:50,194 [INFO/base_optimizer.py:138] Cur. loss: 8.0079e+02, Cur. Config: {'x0': 11, 'x1': 10, 'x2': 8}
2024-05-27 12:40:50,194 [INFO/base_optimizer.py:139] Best loss: 6.4000e-01, Best Config: {'x0': 10, 'x1': 10, 'x2': 6}
2024-05-27 12:40:50,194 [INFO/base_optimizer.py:125] 
Iteration: 20
2024-05-27 12:40:52,863 [INFO/base_optimizer.py:138] Cur. loss: 1.6891e+04, Cur. Config: {'x0': 11, 'x1': 10, 'x2': 9}
2024-05-27 12:40:52,864 [INFO/base_optimizer.py:139] Best loss: 6.4000e-01, Best Config: {'x0': 10, 'x1': 10, 'x2': 6}
2024-05-27 12:40:52,864 [INFO/base_optimizer.py:146] Best loss: 6.4000e-01
2024-05-27 12:40:52,864 [INFO/utils.py:335] 
The observations: {'x0': array([ 7,  8, 22, 15, 23, 21, 20, 12,  8, 12, 11, 11, 11, 11, 12, 11, 21,
       10, 11, 11]), 'x1': array([12, 19, 27, 13, 15,  9,  8,  6, 17, 10, 10, 10, 11, 10,  9, 29,  2,
       10, 10, 10]), 'x2': array([28,  7, 26, 15, 27, 16, 26, 26, 12,  6,  4,  5,  3,  7,  8,  9,  1,
        6,  8,  9]), 'loss': array([5.19283826e+13, 5.19567898e+13, 1.63694999e+15, 1.63552371e+15,
       5.83926901e+15, 5.83866526e+15, 9.70337475e+14, 6.57930649e+14,
       6.64491697e+13, 5.84611224e+06, 8.00050000e+02, 5.60500000e+01,
       2.08139000e+02, 1.16700000e+01, 5.57519000e+03, 1.68906800e+04,
       7.39779680e+04, 6.40000000e-01, 8.00790000e+02, 1.68906900e+04]), 'iter_time': array([2.9488013, 2.678734 , 3.8142128, 2.9964986, 3.5543613, 3.252379 ,
       3.1105118, 3.1980193, 2.7750392, 2.6707628, 2.7958665, 2.624141 ,
       2.6271815, 2.6790535, 2.6425214, 2.9272149, 2.6616063, 2.598951 ,
       2.6721134, 2.6675403], dtype=float32)}
2024-05-27 13:11:45,959 [INFO/base_optimizer.py:125] 
Iteration: 1
2024-05-27 13:11:49,112 [INFO/base_optimizer.py:138] Cur. loss: 2.2779e+16, Cur. Config: {'x0': 22, 'x1': 7, 'x2': 29}
2024-05-27 13:11:49,112 [INFO/base_optimizer.py:139] Best loss: 2.2779e+16, Best Config: {'x0': 22, 'x1': 7, 'x2': 29}
2024-05-27 13:11:49,112 [INFO/base_optimizer.py:125] 
Iteration: 2
2024-05-27 13:11:52,068 [INFO/base_optimizer.py:138] Cur. loss: 2.2780e+16, Cur. Config: {'x0': 9, 'x1': 24, 'x2': 3}
2024-05-27 13:11:52,068 [INFO/base_optimizer.py:139] Best loss: 2.2779e+16, Best Config: {'x0': 22, 'x1': 7, 'x2': 29}
2024-05-27 13:11:52,068 [INFO/base_optimizer.py:125] 
Iteration: 3
2024-05-28 14:55:32,737 [INFO/base_optimizer.py:125] 
Iteration: 1
2024-05-28 14:55:35,512 [INFO/base_optimizer.py:138] Cur. loss: 1.7740e+12, Cur. Config: {'x0': 15, 'x1': 5, 'x2': 29}
2024-05-28 14:55:35,512 [INFO/base_optimizer.py:139] Best loss: 1.7740e+12, Best Config: {'x0': 15, 'x1': 5, 'x2': 29}
2024-05-28 14:55:35,512 [INFO/base_optimizer.py:125] 
Iteration: 2
2024-05-28 14:55:38,016 [INFO/base_optimizer.py:138] Cur. loss: 8.5838e+09, Cur. Config: {'x0': 12, 'x1': 9, 'x2': 19}
2024-05-28 14:55:38,016 [INFO/base_optimizer.py:139] Best loss: 8.5838e+09, Best Config: {'x0': 12, 'x1': 9, 'x2': 19}
2024-05-28 14:55:38,016 [INFO/base_optimizer.py:125] 
Iteration: 3
2024-05-28 14:55:40,677 [INFO/base_optimizer.py:138] Cur. loss: 1.5832e+09, Cur. Config: {'x0': 22, 'x1': 10, 'x2': 17}
2024-05-28 14:55:40,677 [INFO/base_optimizer.py:139] Best loss: 1.5832e+09, Best Config: {'x0': 22, 'x1': 10, 'x2': 17}
2024-05-28 14:55:40,677 [INFO/base_optimizer.py:125] 
Iteration: 4
2024-05-28 14:55:43,314 [INFO/base_optimizer.py:138] Cur. loss: 7.4431e+09, Cur. Config: {'x0': 24, 'x1': 22, 'x2': 7}
2024-05-28 14:55:43,314 [INFO/base_optimizer.py:139] Best loss: 1.5832e+09, Best Config: {'x0': 22, 'x1': 10, 'x2': 17}
2024-05-28 14:55:43,314 [INFO/base_optimizer.py:125] 
Iteration: 5
2024-05-28 14:55:46,018 [INFO/base_optimizer.py:138] Cur. loss: 7.4100e+00, Cur. Config: {'x0': 14, 'x1': 12, 'x2': 22}
2024-05-28 14:55:46,018 [INFO/base_optimizer.py:139] Best loss: 7.4100e+00, Best Config: {'x0': 14, 'x1': 12, 'x2': 22}
2024-05-28 14:55:46,018 [INFO/base_optimizer.py:125] 
Iteration: 6
2024-05-28 14:55:48,494 [INFO/base_optimizer.py:138] Cur. loss: 2.4094e+13, Cur. Config: {'x0': 27, 'x1': 3, 'x2': 6}
2024-05-28 14:55:48,494 [INFO/base_optimizer.py:139] Best loss: 7.4100e+00, Best Config: {'x0': 14, 'x1': 12, 'x2': 22}
2024-05-28 14:55:48,494 [INFO/base_optimizer.py:125] 
Iteration: 7
2024-05-28 14:55:51,254 [INFO/base_optimizer.py:138] Cur. loss: 1.4589e+11, Cur. Config: {'x0': 7, 'x1': 29, 'x2': 19}
2024-05-28 14:55:51,254 [INFO/base_optimizer.py:139] Best loss: 7.4100e+00, Best Config: {'x0': 14, 'x1': 12, 'x2': 22}
2024-05-28 14:55:51,254 [INFO/base_optimizer.py:125] 
Iteration: 8
2024-05-28 14:55:53,974 [INFO/base_optimizer.py:138] Cur. loss: 3.5384e+08, Cur. Config: {'x0': 11, 'x1': 19, 'x2': 22}
2024-05-28 14:55:53,974 [INFO/base_optimizer.py:139] Best loss: 7.4100e+00, Best Config: {'x0': 14, 'x1': 12, 'x2': 22}
2024-05-28 14:55:53,974 [INFO/base_optimizer.py:125] 
Iteration: 9
2024-05-28 14:55:56,879 [INFO/base_optimizer.py:138] Cur. loss: 3.2985e+10, Cur. Config: {'x0': 24, 'x1': 8, 'x2': 26}
2024-05-28 14:55:56,879 [INFO/base_optimizer.py:139] Best loss: 7.4100e+00, Best Config: {'x0': 14, 'x1': 12, 'x2': 22}
2024-05-28 14:55:56,879 [INFO/base_optimizer.py:125] 
Iteration: 10
2024-05-28 14:56:00,351 [INFO/base_optimizer.py:138] Cur. loss: 7.4200e+00, Cur. Config: {'x0': 30, 'x1': 25, 'x2': 25}
2024-05-28 14:56:00,351 [INFO/base_optimizer.py:139] Best loss: 7.4100e+00, Best Config: {'x0': 14, 'x1': 12, 'x2': 22}
2024-05-28 14:56:00,351 [INFO/base_optimizer.py:125] 
Iteration: 11
2024-05-28 14:56:02,970 [INFO/base_optimizer.py:138] Cur. loss: 7.2900e+00, Cur. Config: {'x0': 13, 'x1': 12, 'x2': 22}
2024-05-28 14:56:02,971 [INFO/base_optimizer.py:139] Best loss: 7.2900e+00, Best Config: {'x0': 13, 'x1': 12, 'x2': 22}
2024-05-28 14:56:02,971 [INFO/base_optimizer.py:125] 
Iteration: 12
2024-05-28 14:56:05,527 [INFO/base_optimizer.py:138] Cur. loss: 7.1000e+00, Cur. Config: {'x0': 12, 'x1': 12, 'x2': 22}
2024-05-28 14:56:05,527 [INFO/base_optimizer.py:139] Best loss: 7.1000e+00, Best Config: {'x0': 12, 'x1': 12, 'x2': 22}
2024-05-28 14:56:05,527 [INFO/base_optimizer.py:125] 
Iteration: 13
2024-05-28 14:56:08,102 [INFO/base_optimizer.py:138] Cur. loss: 6.2600e+00, Cur. Config: {'x0': 13, 'x1': 12, 'x2': 23}
2024-05-28 14:56:08,102 [INFO/base_optimizer.py:139] Best loss: 6.2600e+00, Best Config: {'x0': 13, 'x1': 12, 'x2': 23}
2024-05-28 14:56:08,102 [INFO/base_optimizer.py:125] 
Iteration: 14
2024-05-28 14:56:10,713 [INFO/base_optimizer.py:138] Cur. loss: 6.2610e+01, Cur. Config: {'x0': 13, 'x1': 12, 'x2': 20}
2024-05-28 14:56:10,713 [INFO/base_optimizer.py:139] Best loss: 6.2600e+00, Best Config: {'x0': 13, 'x1': 12, 'x2': 23}
2024-05-28 14:56:10,713 [INFO/base_optimizer.py:125] 
Iteration: 15
2024-05-28 14:56:13,537 [INFO/base_optimizer.py:138] Cur. loss: 6.6100e+00, Cur. Config: {'x0': 13, 'x1': 13, 'x2': 25}
2024-05-28 14:56:13,537 [INFO/base_optimizer.py:139] Best loss: 6.2600e+00, Best Config: {'x0': 13, 'x1': 12, 'x2': 23}
2024-05-28 14:56:13,537 [INFO/base_optimizer.py:125] 
Iteration: 16
2024-05-28 14:56:16,158 [INFO/base_optimizer.py:138] Cur. loss: 7.2900e+00, Cur. Config: {'x0': 13, 'x1': 12, 'x2': 22}
2024-05-28 14:56:16,158 [INFO/base_optimizer.py:139] Best loss: 6.2600e+00, Best Config: {'x0': 13, 'x1': 12, 'x2': 23}
2024-05-28 14:56:16,158 [INFO/base_optimizer.py:125] 
Iteration: 17
2024-05-28 14:56:18,877 [INFO/base_optimizer.py:138] Cur. loss: 6.8500e+00, Cur. Config: {'x0': 14, 'x1': 12, 'x2': 27}
2024-05-28 14:56:18,877 [INFO/base_optimizer.py:139] Best loss: 6.2600e+00, Best Config: {'x0': 13, 'x1': 12, 'x2': 23}
2024-05-28 14:56:18,877 [INFO/base_optimizer.py:125] 
Iteration: 18
2024-05-28 14:56:21,529 [INFO/base_optimizer.py:138] Cur. loss: 6.4600e+00, Cur. Config: {'x0': 13, 'x1': 12, 'x2': 25}
2024-05-28 14:56:21,529 [INFO/base_optimizer.py:139] Best loss: 6.2600e+00, Best Config: {'x0': 13, 'x1': 12, 'x2': 23}
2024-05-28 14:56:21,529 [INFO/base_optimizer.py:125] 
Iteration: 19
2024-05-28 14:56:24,134 [INFO/base_optimizer.py:138] Cur. loss: 1.6003e+08, Cur. Config: {'x0': 13, 'x1': 11, 'x2': 28}
2024-05-28 14:56:24,134 [INFO/base_optimizer.py:139] Best loss: 6.2600e+00, Best Config: {'x0': 13, 'x1': 12, 'x2': 23}
2024-05-28 14:56:24,134 [INFO/base_optimizer.py:125] 
Iteration: 20
2024-05-28 14:56:26,703 [INFO/base_optimizer.py:138] Cur. loss: 6.1000e+00, Cur. Config: {'x0': 12, 'x1': 12, 'x2': 23}
2024-05-28 14:56:26,703 [INFO/base_optimizer.py:139] Best loss: 6.1000e+00, Best Config: {'x0': 12, 'x1': 12, 'x2': 23}
2024-05-28 14:56:26,703 [INFO/base_optimizer.py:146] Best loss: 6.1000e+00
2024-05-28 14:56:26,703 [INFO/utils.py:335] 
The observations: {'x0': array([15, 12, 22, 24, 14, 27,  7, 11, 24, 30, 13, 12, 13, 13, 13, 13, 14,
       13, 13, 12]), 'x1': array([ 5,  9, 10, 22, 12,  3, 29, 19,  8, 25, 12, 12, 12, 12, 13, 12, 12,
       12, 11, 12]), 'x2': array([29, 19, 17,  7, 22,  6, 19, 22, 26, 25, 22, 22, 23, 20, 25, 22, 27,
       25, 28, 23]), 'loss': array([1.77395588e+12, 8.58379221e+09, 1.58323228e+09, 7.44305330e+09,
       7.41000000e+00, 2.40940860e+13, 1.45887128e+11, 3.53843530e+08,
       3.29845534e+10, 7.42000000e+00, 7.29000000e+00, 7.10000000e+00,
       6.26000000e+00, 6.26100000e+01, 6.61000000e+00, 7.29000000e+00,
       6.85000000e+00, 6.46000000e+00, 1.60030314e+08, 6.10000000e+00]), 'iter_time': array([2.7527294, 2.5014222, 2.6585994, 2.6348226, 2.7012966, 2.4735339,
       2.757735 , 2.7183871, 2.9027605, 3.469003 , 2.6176841, 2.5544138,
       2.572101 , 2.6090376, 2.8215382, 2.6186533, 2.7172039, 2.6502736,
       2.6023183, 2.5663197], dtype=float32)}
